2026-06-24 13:07:45,744 - INFO - Summarize API called
2026-06-24 13:08:33,564 - INFO - Translate API called
2026-06-24 13:08:51,369 - INFO - Generate Email API called
2026-06-24 15:59:47,124 - INFO - Summarize API called
2026-06-24 16:01:10,320 - INFO - Summarize API called
2026-06-24 16:07:53,762 - INFO - Summarize API called
2026-06-24 16:09:40,016 - INFO - Summarize API called
2026-06-24 16:12:05,295 - INFO - Generate Email API called
2026-06-24 16:15:23,971 - INFO - Generate Email API called
2026-06-24 16:15:23,974 - ERROR - Error occurred: 'EmailRequest' object has no attribute 'name'
2026-06-24 16:19:08,238 - INFO - Email API called
2026-06-24 16:26:28,448 - INFO - Email API called
2026-06-24 16:27:22,845 - INFO - Email API called
2026-06-24 16:43:13,814 - INFO - Translate API called
2026-06-24 16:43:13,815 - ERROR - Error occurred: Hindi --> No support for the provided language.
Please select on of the supported languages:
{'afrikaans': 'af', 'albanian': 'sq', 'amharic': 'am', 'arabic': 'ar', 'armenian': 'hy', 'assamese': 'as', 'aymara': 'ay', 'azerbaijani': 'az', 'bambara': 'bm', 'basque': 'eu', 'belarusian': 'be', 'bengali': 'bn', 'bhojpuri': 'bho', 'bosnian': 'bs', 'bulgarian': 'bg', 'catalan': 'ca', 'cebuano': 'ceb', 'chichewa': 'ny', 'chinese (simplified)': 'zh-CN', 'chinese (traditional)': 'zh-TW', 'corsican': 'co', 'croatian': 'hr', 'czech': 'cs', 'danish': 'da', 'dhivehi': 'dv', 'dogri': 'doi', 'dutch': 'nl', 'english': 'en', 'esperanto': 'eo', 'estonian': 'et', 'ewe': 'ee', 'filipino': 'tl', 'finnish': 'fi', 'french': 'fr', 'frisian': 'fy', 'galician': 'gl', 'georgian': 'ka', 'german': 'de', 'greek': 'el', 'guarani': 'gn', 'gujarati': 'gu', 'haitian creole': 'ht', 'hausa': 'ha', 'hawaiian': 'haw', 'hebrew': 'iw', 'hindi': 'hi', 'hmong': 'hmn', 'hungarian': 'hu', 'icelandic': 'is', 'igbo': 'ig', 'ilocano': 'ilo', 'indonesian': 'id', 'irish': 'ga', 'italian': 'it', 'japanese': 'ja', 'javanese': 'jw', 'kannada': 'kn', 'kazakh': 'kk', 'khmer': 'km', 'kinyarwanda': 'rw', 'konkani': 'gom', 'korean': 'ko', 'krio': 'kri', 'kurdish (kurmanji)': 'ku', 'kurdish (sorani)': 'ckb', 'kyrgyz': 'ky', 'lao': 'lo', 'latin': 'la', 'latvian': 'lv', 'lingala': 'ln', 'lithuanian': 'lt', 'luganda': 'lg', 'luxembourgish': 'lb', 'macedonian': 'mk', 'maithili': 'mai', 'malagasy': 'mg', 'malay': 'ms', 'malayalam': 'ml', 'maltese': 'mt', 'maori': 'mi', 'marathi': 'mr', 'meiteilon (manipuri)': 'mni-Mtei', 'mizo': 'lus', 'mongolian': 'mn', 'myanmar': 'my', 'nepali': 'ne', 'norwegian': 'no', 'odia (oriya)': 'or', 'oromo': 'om', 'pashto': 'ps', 'persian': 'fa', 'polish': 'pl', 'portuguese': 'pt', 'punjabi': 'pa', 'quechua': 'qu', 'romanian': 'ro', 'russian': 'ru', 'samoan': 'sm', 'sanskrit': 'sa', 'scots gaelic': 'gd', 'sepedi': 'nso', 'serbian': 'sr', 'sesotho': 'st', 'shona': 'sn', 'sindhi': 'sd', 'sinhala': 'si', 'slovak': 'sk', 'slovenian': 'sl', 'somali': 'so', 'spanish': 'es', 'sundanese': 'su', 'swahili': 'sw', 'swedish': 'sv', 'tajik': 'tg', 'tamil': 'ta', 'tatar': 'tt', 'telugu': 'te', 'thai': 'th', 'tigrinya': 'ti', 'tsonga': 'ts', 'turkish': 'tr', 'turkmen': 'tk', 'twi': 'ak', 'ukrainian': 'uk', 'urdu': 'ur', 'uyghur': 'ug', 'uzbek': 'uz', 'vietnamese': 'vi', 'welsh': 'cy', 'xhosa': 'xh', 'yiddish': 'yi', 'yoruba': 'yo', 'zulu': 'zu'}
2026-06-24 16:46:41,872 - INFO - Translate API called
2026-06-24 16:46:52,098 - INFO - Translate API called
2026-06-24 16:47:13,627 - INFO - Summarize API called
2026-06-24 17:04:20,666 - INFO - Summarize API called
2026-06-24 17:05:00,378 - INFO - Translate API called
2026-06-24 17:05:00,380 - ERROR - Error occurred: Hindi --> No support for the provided language.
Please select on of the supported languages:
{'afrikaans': 'af', 'albanian': 'sq', 'amharic': 'am', 'arabic': 'ar', 'armenian': 'hy', 'assamese': 'as', 'aymara': 'ay', 'azerbaijani': 'az', 'bambara': 'bm', 'basque': 'eu', 'belarusian': 'be', 'bengali': 'bn', 'bhojpuri': 'bho', 'bosnian': 'bs', 'bulgarian': 'bg', 'catalan': 'ca', 'cebuano': 'ceb', 'chichewa': 'ny', 'chinese (simplified)': 'zh-CN', 'chinese (traditional)': 'zh-TW', 'corsican': 'co', 'croatian': 'hr', 'czech': 'cs', 'danish': 'da', 'dhivehi': 'dv', 'dogri': 'doi', 'dutch': 'nl', 'english': 'en', 'esperanto': 'eo', 'estonian': 'et', 'ewe': 'ee', 'filipino': 'tl', 'finnish': 'fi', 'french': 'fr', 'frisian': 'fy', 'galician': 'gl', 'georgian': 'ka', 'german': 'de', 'greek': 'el', 'guarani': 'gn', 'gujarati': 'gu', 'haitian creole': 'ht', 'hausa': 'ha', 'hawaiian': 'haw', 'hebrew': 'iw', 'hindi': 'hi', 'hmong': 'hmn', 'hungarian': 'hu', 'icelandic': 'is', 'igbo': 'ig', 'ilocano': 'ilo', 'indonesian': 'id', 'irish': 'ga', 'italian': 'it', 'japanese': 'ja', 'javanese': 'jw', 'kannada': 'kn', 'kazakh': 'kk', 'khmer': 'km', 'kinyarwanda': 'rw', 'konkani': 'gom', 'korean': 'ko', 'krio': 'kri', 'kurdish (kurmanji)': 'ku', 'kurdish (sorani)': 'ckb', 'kyrgyz': 'ky', 'lao': 'lo', 'latin': 'la', 'latvian': 'lv', 'lingala': 'ln', 'lithuanian': 'lt', 'luganda': 'lg', 'luxembourgish': 'lb', 'macedonian': 'mk', 'maithili': 'mai', 'malagasy': 'mg', 'malay': 'ms', 'malayalam': 'ml', 'maltese': 'mt', 'maori': 'mi', 'marathi': 'mr', 'meiteilon (manipuri)': 'mni-Mtei', 'mizo': 'lus', 'mongolian': 'mn', 'myanmar': 'my', 'nepali': 'ne', 'norwegian': 'no', 'odia (oriya)': 'or', 'oromo': 'om', 'pashto': 'ps', 'persian': 'fa', 'polish': 'pl', 'portuguese': 'pt', 'punjabi': 'pa', 'quechua': 'qu', 'romanian': 'ro', 'russian': 'ru', 'samoan': 'sm', 'sanskrit': 'sa', 'scots gaelic': 'gd', 'sepedi': 'nso', 'serbian': 'sr', 'sesotho': 'st', 'shona': 'sn', 'sindhi': 'sd', 'sinhala': 'si', 'slovak': 'sk', 'slovenian': 'sl', 'somali': 'so', 'spanish': 'es', 'sundanese': 'su', 'swahili': 'sw', 'swedish': 'sv', 'tajik': 'tg', 'tamil': 'ta', 'tatar': 'tt', 'telugu': 'te', 'thai': 'th', 'tigrinya': 'ti', 'tsonga': 'ts', 'turkish': 'tr', 'turkmen': 'tk', 'twi': 'ak', 'ukrainian': 'uk', 'urdu': 'ur', 'uyghur': 'ug', 'uzbek': 'uz', 'vietnamese': 'vi', 'welsh': 'cy', 'xhosa': 'xh', 'yiddish': 'yi', 'yoruba': 'yo', 'zulu': 'zu'}
2026-06-24 17:05:10,324 - INFO - Translate API called
2026-06-24 17:05:45,288 - INFO - Email API called
2026-06-24 17:18:23,933 - INFO - Summarize API called
2026-06-24 17:19:18,249 - INFO - Translate API called
2026-06-24 17:20:13,514 - INFO - Email API called
2026-06-24 17:35:45,059 - INFO - Summarize API called
2026-06-24 17:40:08,863 - INFO - Summarize API called
2026-06-24 17:41:16,063 - INFO - Translate API called
2026-06-24 17:41:37,543 - INFO - Translate API called
2026-06-24 17:42:25,552 - INFO - Email API called
2026-06-24 17:54:54,955 - INFO - Summarize API called
2026-06-24 17:55:26,199 - INFO - Translate API called
2026-06-24 17:55:44,387 - INFO - Translate API called
2026-06-24 17:56:07,363 - INFO - Email API called
2026-06-25 11:30:10,345 - INFO - Summarize API called
2026-06-25 11:31:06,171 - INFO - Translate API called
2026-06-25 11:31:49,190 - INFO - Email API called
